==============================================================================
Manual Discount Test Case                                                     
==============================================================================
Zwing_MD_40 Apply Manual Discount Button | Apply Item level discou...   
  Traceback (most recent call last):
    ~~~~~~~~~~~~~~~~~~~~~~~~~~~~~~~~~~~~~~~~~~~~~~~~~~~~~~~~~~~~~~~~~~~~~~~~~~
    File  C:\Users\Saloni\Desktop\Ginesys\Zwing_repo\zwing-qa-automation\TestCases\Web_POS\Billing\manual_discount_test_case.robot:516
    T:  Zwing_MD_40 Apply Manual Discount Button | Apply Item level discount percentage less than or equal to Limit on discount percentage(Item level)    
    ~~~~~~~~~~~~~~~~~~~~~~~~~~~~~~~~~~~~~~~~~~~~~~~~~~~~~~~~~~~~~~~~~~~~~~~~~~
    File  C:\Users\Saloni\Desktop\Ginesys\Zwing_repo\zwing-qa-automation\TestCases\Web_POS\Billing\manual_discount_test_case.robot:10
      Setup Test    
    ~~~~~~~~~~~~~~~~~~~~~~~~~~~~~~~~~~~~~~~~~~~~~~~~~~~~~~~~~~~~~~~~~~~~~~~~~~
    File  C:\Users\Saloni\Desktop\Ginesys\Zwing_repo\zwing-qa-automation\Resources\Web_POS\Login\login_keyword.robot:62
      Open Browser With UDID    ${USER_DATA_DIR}
      |  ${USER_DATA_DIR} = C:\Users\Saloni\AppData\Local\Temp\tmp7ivu8tmq (str)
______________________________________________________________________________
  
  Traceback (most recent call last):
    ~~~~~~~~~~~~~~~~~~~~~~~~~~~~~~~~~~~~~~~~~~~~~~~~~~~~~~~~~~~~~~~~~~~~~~~~~~
    File  C:\Users\Saloni\Desktop\Ginesys\Zwing_repo\zwing-qa-automation\TestCases\Web_POS\Billing\manual_discount_test_case.robot:516
    T:  Zwing_MD_40 Apply Manual Discount Button | Apply Item level discount percentage less than or equal to Limit on discount percentage(Item level)    
    ~~~~~~~~~~~~~~~~~~~~~~~~~~~~~~~~~~~~~~~~~~~~~~~~~~~~~~~~~~~~~~~~~~~~~~~~~~
    File  C:\Users\Saloni\Desktop\Ginesys\Zwing_repo\zwing-qa-automation\TestCases\Web_POS\Billing\manual_discount_test_case.robot:527
      Tear It Down If Test Case Failed    ${discount_data}
      |  ${discount_data} = <Unable to define variable value>
______________________________________________________________________________
| FAIL |
Setup failed:
Keyword 'login_keyword.Open Browser With UDID' expected 2 arguments, got 1.

Also teardown failed:
Variable '${discount_data}' not found.
------------------------------------------------------------------------------
Manual Discount Test Case                                             | FAIL |
1 test, 0 passed, 1 failed
==============================================================================
Output:  C:\Users\Saloni\Desktop\Ginesys\Zwing_repo\zwing-qa-automation\pabot_results\1\output.xml
